27.10.2020 14:49:51	This log contains information about the import schema operation into project 'Employee' on computer 'DESKTOP-VVDK57M' by user 'Andriy Orlyk'.
27.10.2020 14:49:52	Import of database schema has started.
27.10.2020 14:50:13	Gathering database credentials
27.10.2020 14:50:13	Gathering database options
27.10.2020 14:50:13	Gathering generic database scoped configuration option
27.10.2020 14:50:13	Gathering users
27.10.2020 14:50:13	Gathering roles
27.10.2020 14:50:13	Gathering application roles
27.10.2020 14:50:13	Gathering role memberships
27.10.2020 14:50:13	Gathering filegroups
27.10.2020 14:50:13	Gathering full-text catalogs
27.10.2020 14:50:13	Gathering assemblies
27.10.2020 14:50:13	Gathering certificates
27.10.2020 14:50:13	Gathering asymmetric keys
27.10.2020 14:50:13	Gathering symmetric keys
27.10.2020 14:50:13	Gathering encrypted symmetric keys
27.10.2020 14:50:13	Gathering schemas
27.10.2020 14:50:13	Gathering XML schema collections
27.10.2020 14:50:13	Gathering user-defined data types
27.10.2020 14:50:13	Gathering user-defined types
27.10.2020 14:50:13	Gathering table types
27.10.2020 14:50:13	Gathering unique keys for table types
27.10.2020 14:50:13	Gathering primary keys for table types
27.10.2020 14:50:13	Gathering indexes for table types
27.10.2020 14:50:13	Gathering check constraints for table types
27.10.2020 14:50:13	Gathering default constraints for table types
27.10.2020 14:50:13	Gathering partition functions
27.10.2020 14:50:13	Gathering partition schemes
27.10.2020 14:50:13	Gathering functions
27.10.2020 14:50:13	Gathering encrypted functions
27.10.2020 14:50:13	Gathering aggregates
27.10.2020 14:50:13	Gathering procedures
27.10.2020 14:50:13	Gathering encrypted procedures
27.10.2020 14:50:13	Gathering tables
27.10.2020 14:50:13	Gathering primary keys
27.10.2020 14:50:13	Gathering unique constraints
27.10.2020 14:50:13	Gathering foreign keys
27.10.2020 14:50:13	Gathering default constraints
27.10.2020 14:50:13	Gathering check constraints
27.10.2020 14:50:13	Gathering views
27.10.2020 14:50:13	Gathering encrypted views
27.10.2020 14:50:13	Gathering indexes
27.10.2020 14:50:13	Gathering statistics
27.10.2020 14:50:13	Gathering full-text index stoplists
27.10.2020 14:50:13	Gathering search property lists
27.10.2020 14:50:13	Gathering search properties
27.10.2020 14:50:13	Gathering full-text indexes
27.10.2020 14:50:13	Gathering column store indexes
27.10.2020 14:50:13	Gathering spatial indexes
27.10.2020 14:50:13	Gathering XML indexes
27.10.2020 14:50:13	Gathering Selective XML indexes
27.10.2020 14:50:13	Gathering encrypted triggers
27.10.2020 14:50:13	Gathering triggers
27.10.2020 14:50:13	Gathering encrypted and clr ddl triggers
27.10.2020 14:50:13	Gathering ddl triggers
27.10.2020 14:50:13	Creating edge constraints
27.10.2020 14:50:13	Gathering synonyms
27.10.2020 14:50:13	Gathering defaults
27.10.2020 14:50:13	Gathering data constraint uddt bindings
27.10.2020 14:50:13	Gathering rules
27.10.2020 14:50:13	Gathering data constraint uddt bindings
27.10.2020 14:50:13	Gathering message types
27.10.2020 14:50:13	Gathering queues
27.10.2020 14:50:13	Gathering contracts
27.10.2020 14:50:13	Gathering services
27.10.2020 14:50:13	Gathering event notifications
27.10.2020 14:50:13	Gathering remote service bindings
27.10.2020 14:50:13	Gathering broker priorities
27.10.2020 14:50:13	Gathering signatures
27.10.2020 14:50:13	Gathering data compression options
27.10.2020 14:50:13	Gathering sequence types
27.10.2020 14:50:13	Gathering security policies
27.10.2020 14:50:13	Gather column encryption keys
27.10.2020 14:50:13	Gathering column master keys
27.10.2020 14:50:13	Gathering external data sources
27.10.2020 14:50:13	Gathering external file formats
27.10.2020 14:50:13	Gathering external tables
27.10.2020 14:50:13	Gathering database permissions
27.10.2020 14:50:13	Gathering extended properties
27.10.2020 14:50:13	Gathering credentials
27.10.2020 14:50:13	Gathering logins
27.10.2020 14:50:13	Gathering server audits
27.10.2020 14:50:17	Scanning project for duplicate elements
27.10.2020 14:50:18	Finished duplicate element processing
27.10.2020 14:50:19	Finished importing database.
27.10.2020 14:50:19	A summary of the import was saved to the following location: D:\Studies\Myself\Programing\GitHub\Contact_Manager\Employee\Import Schema Logs\Employee_20201027124951.log
27.10.2020 14:50:19	Click Finish to continue...
